#
# A fatal error has been detected by the Java Runtime Environment:
#
#  EXCEPTION_STACK_OVERFLOW (0xc00000fd) at pc=0x0000000063e03b57, pid=38004, tid=0x00000000000071d0
#
# JRE version: Java(TM) SE Runtime Environment (8.0_121-b13) (build 1.8.0_121-b13)
# Java VM: Java HotSpot(TM) 64-Bit Server VM (25.121-b13 mixed mode windows-amd64 compressed oops)
# Problematic frame:
# V  [jvm.dll+0x213b57]
#
# Failed to write core dump. Minidumps are not enabled by default on client versions of Windows
#
# If you would like to submit a bug report, please visit:
#   http://bugreport.java.com/bugreport/crash.jsp
#

---------------  T H R E A D  ---------------

Current thread (0x000000002955f000):  JavaThread "AWT-Windows" daemon [_thread_in_vm, id=29136, stack(0x0000000029f00000,0x000000002a000000)]

siginfo: ExceptionCode=0xc00000fd, ExceptionInformation=0x0000000000000001 0x0000000029ffd020 

Registers:
RAX=0x0000000029ffd020, RBX=0x0000000000000003, RCX=0x0000000000002000, RDX=0x0000000000000006
RSP=0x0000000029fff020, RBP=0x0000000000000000, RSI=0x0000000029fff020, RDI=0x0000000000000003
R8 =0x0000000000000006, R9 =0x0000000029543860, R10=0x000000002537c3b8, R11=0x0000000029f0a148
R12=0x0000000029543860, R13=0x000000002955f000, R14=0x0000000029fff0e8, R15=0x000000002537c3b8
RIP=0x0000000063e03b57, EFLAGS=0x0000000000010202

Top of Stack: (sp=0x0000000029fff020)
0x0000000029fff020:   0000000000000000 0000000000000078
0x0000000029fff030:   000000002955f000 0000000029543860
0x0000000029fff040:   00000000ffffffff 0000000063e04a87
0x0000000029fff050:   0000000029fff150 000000002537c3b8
0x0000000029fff060:   000000002955f000 0000000063cb0923
0x0000000029fff070:   0000000029fff0b0 000000002955f000
0x0000000029fff080:   0000000029fff140 000000002955f000
0x0000000029fff090:   000000002537c3b8 000000002955f000
0x0000000029fff0a0:   0000000002d69a20 000000002955f000
0x0000000029fff0b0:   000000002537c3b8 000000002955f000
0x0000000029fff0c0:   000000002537c3b8 000000002955f000
0x0000000029fff0d0:   0000000000000001 000000002537c3b8
0x0000000029fff0e0:   000000002955f000 0000000027e0a1f0
0x0000000029fff0f0:   000000002955f000 0000000063cb1e0d
0x0000000029fff100:   0000000029fff408 00000007c00069a0
0x0000000029fff110:   00000007c00069a0 0000000063dafcb3 

Instructions: (pc=0x0000000063e03b57)
0x0000000063e03b37:   48 89 6c 24 30 33 ed 66 90 e8 2b 3b 08 00 ff c3
0x0000000063e03b47:   48 63 c8 48 8b c6 48 0f af cf 48 ff c7 48 2b c1
0x0000000063e03b57:   89 28 48 63 c3 48 3b 05 75 1b 59 00 7e db 48 8b
0x0000000063e03b67:   6c 24 30 48 8b 5c 24 38 48 8b 74 24 40 48 83 c4 


Register to memory mapping:

RAX=0x0000000029ffd020 is pointing into the stack for thread: 0x000000002955f000
RBX=0x0000000000000003 is an unknown value
RCX=0x0000000000002000 is an unknown value
RDX=0x0000000000000006 is an unknown value
RSP=0x0000000029fff020 is pointing into the stack for thread: 0x000000002955f000
RBP=0x0000000000000000 is an unknown value
RSI=0x0000000029fff020 is pointing into the stack for thread: 0x000000002955f000
RDI=0x0000000000000003 is an unknown value
R8 =0x0000000000000006 is an unknown value
R9 =0x0000000029543860 is an unknown value
R10={method} {0x000000002537c3c0} 'run' '()V' in 'java/lang/Thread'
R11=0x0000000029f0a148 is pointing into the stack for thread: 0x000000002955f000
R12=0x0000000029543860 is an unknown value
R13=0x000000002955f000 is a thread
R14=0x0000000029fff0e8 is pointing into the stack for thread: 0x000000002955f000
R15={method} {0x000000002537c3c0} 'run' '()V' in 'java/lang/Thread'


Stack: [0x0000000029f00000,0x000000002a000000],  sp=0x0000000029fff020,  free space=1020k
Native frames: (J=compiled Java code, j=interpreted, Vv=VM code, C=native code)


---------------  P R O C E S S  ---------------

Java Threads: ( => current thread )
=>0x000000002955f000 JavaThread "AWT-Windows" daemon [_thread_in_vm, id=29136, stack(0x0000000029f00000,0x000000002a000000)]
  0x000000002955a800 JavaThread "AWT-Shutdown" [_thread_blocked, id=22628, stack(0x0000000029e00000,0x0000000029f00000)]
  0x0000000029557800 JavaThread "Java2D Disposer" daemon [_thread_blocked, id=23284, stack(0x0000000029d00000,0x0000000029e00000)]
  0x0000000027cfb000 JavaThread "Service Thread" daemon [_thread_blocked, id=2680, stack(0x0000000028f20000,0x0000000029020000)]
  0x0000000027c69000 JavaThread "C1 CompilerThread3" daemon [_thread_blocked, id=18296, stack(0x0000000028e20000,0x0000000028f20000)]
  0x0000000027c68000 JavaThread "C2 CompilerThread2" daemon [_thread_blocked, id=16228, stack(0x0000000028d20000,0x0000000028e20000)]
  0x0000000027c67800 JavaThread "C2 CompilerThread1" daemon [_thread_blocked, id=27764, stack(0x0000000028c20000,0x0000000028d20000)]
  0x0000000027c5f800 JavaThread "C2 CompilerThread0" daemon [_thread_blocked, id=4480, stack(0x0000000028b20000,0x0000000028c20000)]
  0x0000000027c53800 JavaThread "JDWP Command Reader" daemon [_thread_in_native, id=12068, stack(0x0000000028a20000,0x0000000028b20000)]
  0x0000000027c4e800 JavaThread "JDWP Event Helper Thread" daemon [_thread_blocked, id=15988, stack(0x0000000028920000,0x0000000028a20000)]
  0x0000000027c3f800 JavaThread "JDWP Transport Listener: dt_socket" daemon [_thread_blocked, id=21656, stack(0x0000000028820000,0x0000000028920000)]
  0x0000000027c39000 JavaThread "Attach Listener" daemon [_thread_blocked, id=7240, stack(0x0000000028300000,0x0000000028400000)]
  0x0000000027c38800 JavaThread "Signal Dispatcher" daemon [_thread_blocked, id=27204, stack(0x0000000028200000,0x0000000028300000)]
  0x0000000002d49000 JavaThread "Finalizer" daemon [_thread_blocked, id=36676, stack(0x0000000028010000,0x0000000028110000)]
  0x0000000002d47800 JavaThread "Reference Handler" daemon [_thread_blocked, id=23868, stack(0x0000000027b10000,0x0000000027c10000)]
  0x0000000002c4d800 JavaThread "main" [_thread_blocked, id=37840, stack(0x0000000002a50000,0x0000000002b50000)]

Other Threads:
  0x0000000025d39800 VMThread [stack: 0x0000000027a10000,0x0000000027b10000] [id=16368]
  0x0000000027d13000 WatcherThread [stack: 0x0000000029020000,0x0000000029120000] [id=24704]

VM state:not at safepoint (normal execution)

VM Mutex/Monitor currently owned by a thread: None

Heap:
 PSYoungGen      total 153088K, used 7895K [0x0000000715a00000, 0x0000000720480000, 0x00000007c0000000)
  eden space 131584K, 6% used [0x0000000715a00000,0x00000007161b5c68,0x000000071da80000)
  from space 21504K, 0% used [0x000000071ef80000,0x000000071ef80000,0x0000000720480000)
  to   space 21504K, 0% used [0x000000071da80000,0x000000071da80000,0x000000071ef80000)
 ParOldGen       total 349696K, used 0K [0x00000005c0e00000, 0x00000005d6380000, 0x0000000715a00000)
  object space 349696K, 0% used [0x00000005c0e00000,0x00000005c0e00000,0x00000005d6380000)
 Metaspace       used 5282K, capacity 5458K, committed 5632K, reserved 1056768K
  class space    used 605K, capacity 692K, committed 768K, reserved 1048576K

Card table byte_map: [0x0000000012110000,0x0000000013110000] byte_map_base: 0x000000000f309000

Marking Bits: (ParMarkBitMap*) 0x000000006440b6d0
 Begin Bits: [0x00000000143c0000, 0x000000001c388000)
 End Bits:   [0x000000001c388000, 0x0000000024350000)

Polling page: 0x00000000011c0000

CodeCache: size=245760Kb used=1528Kb max_used=1528Kb free=244232Kb
 bounds [0x0000000002d50000, 0x0000000002fc0000, 0x0000000011d50000]
 total_blobs=534 nmethods=217 adapters=238
 compilation: enabled

Compilation events (10 events):
Event: 0.358 Thread 0x0000000027c69000 nmethod 212 0x0000000002ec2c90 code [0x0000000002ec2f00, 0x0000000002ec4258]
Event: 0.358 Thread 0x0000000027c69000  213       3       java.util.HashMap::put (13 bytes)
Event: 0.358 Thread 0x0000000027c69000 nmethod 213 0x0000000002ec00d0 code [0x0000000002ec0260, 0x0000000002ec0618]
Event: 0.359 Thread 0x0000000027c69000  214       3       java.util.HashMap$Node::<init> (26 bytes)
Event: 0.359 Thread 0x0000000027c69000 nmethod 214 0x0000000002ebfc90 code [0x0000000002ebfde0, 0x0000000002ebfff0]
Event: 0.365 Thread 0x0000000027c69000  215       3       sun.reflect.misc.ReflectUtil::isVMAnonymousClass (19 bytes)
Event: 0.365 Thread 0x0000000027c69000 nmethod 215 0x0000000002ecaa10 code [0x0000000002ecaba0, 0x0000000002ecb0f8]
Event: 0.366 Thread 0x0000000027c69000  216       3       jdk.internal.org.objectweb.asm.ByteVector::enlarge (51 bytes)
Event: 0.366 Thread 0x0000000027c69000 nmethod 216 0x0000000002ecb390 code [0x0000000002ecb500, 0x0000000002ecb848]
Event: 0.366 Thread 0x0000000027c69000  217   !   3       java.util.concurrent.ConcurrentHashMap::putVal (362 bytes)

GC Heap History (0 events):
No events

Deoptimization events (0 events):
No events

Internal exceptions (10 events):
Event: 0.222 Thread 0x0000000002c4d800 Exception <a 'java/lang/NoSuchMethodError': Method sun.misc.Unsafe.defineClass(Ljava/lang/String;[BII)Ljava/lang/Class; name or signature does not match> (0x0000000715a07ca8) thrown at [C:\re\workspace\8-2-build-windows-amd64-cygwin\jdk8u121\8372\hotspot\
Event: 0.223 Thread 0x0000000002c4d800 Exception <a 'java/lang/NoSuchMethodError': Method sun.misc.Unsafe.prefetchRead(Ljava/lang/Object;J)V name or signature does not match> (0x0000000715a07f90) thrown at [C:\re\workspace\8-2-build-windows-amd64-cygwin\jdk8u121\8372\hotspot\src\share\vm\prims
Event: 0.322 Thread 0x0000000002c4d800 Exception <a 'java/security/PrivilegedActionException'> (0x0000000715a8ae18) thrown at [C:\re\workspace\8-2-build-windows-amd64-cygwin\jdk8u121\8372\hotspot\src\share\vm\prims\jvm.cpp, line 1390]
Event: 0.322 Thread 0x0000000002c4d800 Exception <a 'java/security/PrivilegedActionException'> (0x0000000715a8b028) thrown at [C:\re\workspace\8-2-build-windows-amd64-cygwin\jdk8u121\8372\hotspot\src\share\vm\prims\jvm.cpp, line 1390]
Event: 0.322 Thread 0x0000000002c4d800 Exception <a 'java/security/PrivilegedActionException'> (0x0000000715a8ec98) thrown at [C:\re\workspace\8-2-build-windows-amd64-cygwin\jdk8u121\8372\hotspot\src\share\vm\prims\jvm.cpp, line 1390]
Event: 0.322 Thread 0x0000000002c4d800 Exception <a 'java/security/PrivilegedActionException'> (0x0000000715a8eea8) thrown at [C:\re\workspace\8-2-build-windows-amd64-cygwin\jdk8u121\8372\hotspot\src\share\vm\prims\jvm.cpp, line 1390]
Event: 0.324 Thread 0x0000000002c4d800 Exception <a 'java/io/FileNotFoundException'> (0x0000000715a913c0) thrown at [C:\re\workspace\8-2-build-windows-amd64-cygwin\jdk8u121\8372\hotspot\src\share\vm\prims\jni.cpp, line 709]
Event: 0.342 Thread 0x0000000002c4d800 Exception <a 'java/lang/NoSuchFieldError': method resolution failed> (0x0000000715b5ead8) thrown at [C:\re\workspace\8-2-build-windows-amd64-cygwin\jdk8u121\8372\hotspot\src\share\vm\prims\methodHandles.cpp, line 1146]
Event: 0.344 Thread 0x0000000002c4d800 Exception <a 'java/lang/NoSuchFieldError': method resolution failed> (0x0000000715b6bea8) thrown at [C:\re\workspace\8-2-build-windows-amd64-cygwin\jdk8u121\8372\hotspot\src\share\vm\prims\methodHandles.cpp, line 1146]
Event: 0.364 Thread 0x0000000002c4d800 Exception <a 'java/io/FileNotFoundException'> (0x0000000715c00798) thrown at [C:\re\workspace\8-2-build-windows-amd64-cygwin\jdk8u121\8372\hotspot\src\share\vm\prims\jni.cpp, line 709]

Events (10 events):
Event: 0.365 loading class sun/java2d/Disposer done
Event: 0.365 loading class sun/java2d/Disposer$1
Event: 0.365 loading class sun/java2d/Disposer$1 done
Event: 0.365 loading class sun/misc/ThreadGroupUtils
Event: 0.365 loading class sun/misc/ThreadGroupUtils done
Event: 0.366 Thread 0x0000000029557800 Thread added: 0x0000000029557800
Event: 0.366 loading class sun/awt/AWTAutoShutdown
Event: 0.366 loading class sun/awt/AWTAutoShutdown done
Event: 0.366 Thread 0x000000002955a800 Thread added: 0x000000002955a800
Event: 0.366 Thread 0x000000002955f000 Thread added: 0x000000002955f000


Dynamic libraries:
0x00007ff62d830000 - 0x00007ff62d867000 	C:\Program Files\Java\jre1.8.0_121\bin\javaw.exe
0x00007ff90e140000 - 0x00007ff90e31b000 	C:\WINDOWS\SYSTEM32\ntdll.dll
0x00007ff90cee0000 - 0x00007ff90cf8e000 	C:\WINDOWS\System32\KERNEL32.DLL
0x00007ff90a710000 - 0x00007ff90a959000 	C:\WINDOWS\System32\KERNELBASE.dll
0x00007ff90dda0000 - 0x00007ff90de41000 	C:\WINDOWS\System32\ADVAPI32.dll
0x00007ff90b6a0000 - 0x00007ff90b73d000 	C:\WINDOWS\System32\msvcrt.dll
0x00007ff90d470000 - 0x00007ff90d4c9000 	C:\WINDOWS\System32\sechost.dll
0x00007ff90dff0000 - 0x00007ff90e115000 	C:\WINDOWS\System32\RPCRT4.dll
0x00007ff90cf90000 - 0x00007ff90d0da000 	C:\WINDOWS\System32\USER32.dll
0x00007ff90b680000 - 0x00007ff90b69e000 	C:\WINDOWS\System32\win32u.dll
0x00007ff90dcb0000 - 0x00007ff90dcd7000 	C:\WINDOWS\System32\GDI32.dll
0x00007ff90a960000 - 0x00007ff90aae9000 	C:\WINDOWS\System32\gdi32full.dll
0x00007ff90aaf0000 - 0x00007ff90ab8a000 	C:\WINDOWS\System32\msvcp_win.dll
0x00007ff90ab90000 - 0x00007ff90ac86000 	C:\WINDOWS\System32\ucrtbase.dll
0x00007ff8ff940000 - 0x00007ff8ffba7000 	C:\WINDOWS\WinSxS\amd64_microsoft.windows.common-controls_6595b64144ccf1df_6.0.15063.0_none_108e4f62dfe5d999\COMCTL32.dll
0x00007ff90cb80000 - 0x00007ff90ce79000 	C:\WINDOWS\System32\combase.dll
0x00007ff90b5b0000 - 0x00007ff90b61a000 	C:\WINDOWS\System32\bcryptPrimitives.dll
0x00007ff90dc80000 - 0x00007ff90dcad000 	C:\WINDOWS\System32\IMM32.DLL
0x0000000062f00000 - 0x0000000062fd2000 	C:\Program Files\Java\jre1.8.0_121\bin\msvcr100.dll
0x0000000063bf0000 - 0x000000006448b000 	C:\Program Files\Java\jre1.8.0_121\bin\server\jvm.dll
0x00007ff90d620000 - 0x00007ff90d628000 	C:\WINDOWS\System32\PSAPI.DLL
0x00007ff8fa9b0000 - 0x00007ff8fa9b9000 	C:\WINDOWS\SYSTEM32\WSOCK32.dll
0x00007ff908aa0000 - 0x00007ff908ac3000 	C:\WINDOWS\SYSTEM32\WINMM.dll
0x00007ff90d3f0000 - 0x00007ff90d45c000 	C:\WINDOWS\System32\WS2_32.dll
0x00007ff904e60000 - 0x00007ff904e6a000 	C:\WINDOWS\SYSTEM32\VERSION.dll
0x00007ff908930000 - 0x00007ff90895b000 	C:\WINDOWS\SYSTEM32\WINMMBASE.dll
0x00007ff90b560000 - 0x00007ff90b5a9000 	C:\WINDOWS\System32\cfgmgr32.dll
0x0000000064aa0000 - 0x0000000064aaf000 	C:\Program Files\Java\jre1.8.0_121\bin\verify.dll
0x00000000649b0000 - 0x00000000649d9000 	C:\Program Files\Java\jre1.8.0_121\bin\java.dll
0x0000000062ec0000 - 0x0000000062ef5000 	C:\Program Files\Java\jre1.8.0_121\bin\jdwp.dll
0x0000000064910000 - 0x0000000064918000 	C:\Program Files\Java\jre1.8.0_121\bin\npt.dll
0x0000000064990000 - 0x00000000649a6000 	C:\Program Files\Java\jre1.8.0_121\bin\zip.dll
0x00007ff90b740000 - 0x00007ff90cb77000 	C:\WINDOWS\System32\SHELL32.dll
0x00007ff90dcf0000 - 0x00007ff90dd9a000 	C:\WINDOWS\System32\shcore.dll
0x00007ff90ae60000 - 0x00007ff90b552000 	C:\WINDOWS\System32\windows.storage.dll
0x00007ff90d0e0000 - 0x00007ff90d131000 	C:\WINDOWS\System32\shlwapi.dll
0x00007ff90a5b0000 - 0x00007ff90a5c1000 	C:\WINDOWS\System32\kernel.appcore.dll
0x00007ff90a5d0000 - 0x00007ff90a61c000 	C:\WINDOWS\System32\powrprof.dll
0x00007ff90a640000 - 0x00007ff90a655000 	C:\WINDOWS\System32\profapi.dll
0x0000000062eb0000 - 0x0000000062eb9000 	C:\Program Files\Java\jre1.8.0_121\bin\dt_socket.dll
0x00007ff8f5c20000 - 0x00007ff8f5c36000 	C:\WINDOWS\system32\napinsp.dll
0x00007ff8f5a70000 - 0x00007ff8f5a8a000 	C:\WINDOWS\system32\pnrpnsp.dll
0x00007ff907460000 - 0x00007ff907478000 	C:\WINDOWS\system32\NLAapi.dll
0x00007ff909ec0000 - 0x00007ff909f1c000 	C:\WINDOWS\System32\mswsock.dll
0x00007ff909ca0000 - 0x00007ff909d44000 	C:\WINDOWS\SYSTEM32\DNSAPI.dll
0x00007ff90dce0000 - 0x00007ff90dce8000 	C:\WINDOWS\System32\NSI.dll
0x00007ff909c60000 - 0x00007ff909c97000 	C:\WINDOWS\SYSTEM32\IPHLPAPI.DLL
0x00007ff8f64a0000 - 0x00007ff8f64ae000 	C:\WINDOWS\System32\winrnr.dll
0x0000000064760000 - 0x0000000064786000 	C:\Program Files\Bonjour\mdnsNSP.dll
0x00007ff905870000 - 0x00007ff9058db000 	C:\WINDOWS\System32\fwpuclnt.dll
0x00007ff90a170000 - 0x00007ff90a195000 	C:\WINDOWS\SYSTEM32\bcrypt.dll
0x00007ff9047a0000 - 0x00007ff9047aa000 	C:\Windows\System32\rasadhlp.dll
0x0000000062d10000 - 0x0000000062ea8000 	C:\Program Files\Java\jre1.8.0_121\bin\awt.dll
0x00007ff90d330000 - 0x00007ff90d3ef000 	C:\WINDOWS\System32\OLEAUT32.dll
0x00007ff908bd0000 - 0x00007ff908c4e000 	C:\WINDOWS\SYSTEM32\apphelp.dll
0x00007ff9075a0000 - 0x00007ff9075ca000 	C:\WINDOWS\system32\DWMAPI.DLL
0x00007ff908dd0000 - 0x00007ff908e65000 	C:\WINDOWS\system32\uxtheme.dll
0x00007ff9018a0000 - 0x00007ff9019c1000 	C:\WINDOWS\system32\opengl32.dll
0x00007ff9036c0000 - 0x00007ff9036ec000 	C:\WINDOWS\SYSTEM32\GLU32.dll

VM Arguments:
jvm_args: -agentlib:jdwp=transport=dt_socket,suspend=y,address=localhost:58685 -Dfile.encoding=Cp1252 
java_command: MVCShoppingCart
java_class_path (initial): C:\Users\auste\Documents\JavaProject\ShoppingCartProject\ShoppingCart\bin;C:\Users\auste\Documents\JavaProject\ShoppingCartProject\ShoppingCart\opencsv-3.9.jar;C:\Users\auste\Documents\JavaProject\ShoppingCartProject\ShoppingCart\jgoodies-common-1.8.0.jar;C:\Users\auste\Documents\JavaProject\ShoppingCartProject\ShoppingCart\jgoodies-forms-1.8.0.jar
Launcher Type: SUN_STANDARD

Environment Variables:
PATH=C:/Program Files/Java/jre1.8.0_121/bin/server;C:/Program Files/Java/jre1.8.0_121/bin;C:/Program Files/Java/jre1.8.0_121/lib/amd64;C:\ProgramData\Oracle\Java\javapath;C:\Windows\system32;C:\Windows;C:\Windows\System32\Wbem;C:\Windows\System32\WindowsPowerShell\v1.0\;C:\Program Files (x86)\NVIDIA Corporation\PhysX\Common;C:\WINDOWS\system32\config\systemprofile\.dnx\bin;C:\Program Files\Microsoft DNX\Dnvm\;C:\Program Files\Microsoft SQL Server\130\Tools\Binn\;C:\Program Files\Git\cmd;C:\WINDOWS\system32;C:\WINDOWS;C:\WINDOWS\System32\Wbem;C:\WINDOWS\System32\WindowsPowerShell\v1.0\;C:\Users\auste\AppData\Local\Microsoft\WindowsApps;C:\Users\auste\AppData\Local\atom\bin;C:\eclipse;
USERNAME=auste
OS=Windows_NT
PROCESSOR_IDENTIFIER=Intel64 Family 6 Model 94 Stepping 3, GenuineIntel



---------------  S Y S T E M  ---------------

OS: Windows 10.0 , 64 bit Build 15063 (10.0.15063.0)

CPU:total 8 (4 cores per cpu, 2 threads per core) family 6 model 94 stepping 3, cmov, cx8, fxsr, mmx, sse, sse2, sse3, ssse3, sse4.1, sse4.2, popcnt, avx, avx2, aes, clmul, erms, rtm, 3dnowpref, lzcnt, ht, tsc, tscinvbit, bmi1, bmi2, adx

Memory: 4k page, physical 33496896k(18255940k free), swap 63957436k(4088k free)

vm_info: Java HotSpot(TM) 64-Bit Server VM (25.121-b13) for windows-amd64 JRE (1.8.0_121-b13), built on Dec 12 2016 18:21:36 by "java_re" with MS VC++ 10.0 (VS2010)

time: Thu Apr 20 14:31:45 2017
elapsed time: 0 seconds (0d 0h 0m 0s)

