#
# There is insufficient memory for the Java Runtime Environment to continue.
# Native memory allocation (malloc) failed to allocate 1048576 bytes for AllocateHeap
# Possible reasons:
#   The system is out of physical RAM or swap space
#   In 32 bit mode, the process size limit was hit
# Possible solutions:
#   Reduce memory load on the system
#   Increase physical memory or swap space
#   Check if swap backing store is full
#   Use 64 bit Java on a 64 bit OS
#   Decrease Java heap size (-Xmx/-Xms)
#   Decrease number of Java threads
#   Decrease Java thread stack sizes (-Xss)
#   Set larger code cache with -XX:ReservedCodeCacheSize=
# This output file may be truncated or incomplete.
#
#  Out of Memory Error (memory/allocation.inline.hpp:61), pid=7488, tid=0x00000000000076c4
#
# JRE version:  (8.0_121-b13) (build )
# Java VM: Java HotSpot(TM) 64-Bit Server VM (25.121-b13 mixed mode windows-amd64 compressed oops)
# Failed to write core dump. Minidumps are not enabled by default on client versions of Windows
#

---------------  T H R E A D  ---------------

Current thread (0x000000000195d800):  JavaThread "Unknown thread" [_thread_in_vm, id=30404, stack(0x0000000003120000,0x0000000003220000)]

Stack: [0x0000000003120000,0x0000000003220000]
[error occurred during error reporting (printing stack bounds), id 0xc0000005]

Native frames: (J=compiled Java code, j=interpreted, Vv=VM code, C=native code)


---------------  P R O C E S S  ---------------

Java Threads: ( => current thread )

Other Threads:

=>0x000000000195d800 (exited) JavaThread "Unknown thread" [_thread_in_vm, id=30404, stack(0x0000000003120000,0x0000000003220000)]

VM state:not at safepoint (normal execution)

VM Mutex/Monitor currently owned by a thread: None

Heap:
 PSYoungGen      total 153088K, used 2631K [0x0000000715a00000, 0x0000000720480000, 0x00000007c0000000)
  eden space 131584K, 2% used [0x0000000715a00000,0x0000000715c91ec8,0x000000071da80000)
  from space 21504K, 0% used [0x000000071ef80000,0x000000071ef80000,0x0000000720480000)
  to   space 21504K, 0% used [0x000000071da80000,0x000000071da80000,0x000000071ef80000)
 ParOldGen       total 349696K, used 0K [0x00000005c0e00000, 0x00000005d6380000, 0x0000000715a00000)
  object space 349696K, 0% used [0x00000005c0e00000,0x00000005c0e00000,0x00000005d6380000)
 Metaspace       used 757K, capacity 4480K, committed 4480K, reserved 1056768K
  class space    used 75K, capacity 384K, committed 384K, reserved 1048576K

Card table byte_map: [0x0000000012770000,0x0000000013770000] byte_map_base: 0x000000000f969000

Marking Bits: (ParMarkBitMap*) 0x000000006440b6d0
 Begin Bits: [0x0000000014a20000, 0x000000001c9e8000)
 End Bits:   [0x000000001c9e8000, 0x00000000249b0000)

Polling page: 0x00000000018e0000

CodeCache: size=245760Kb used=328Kb max_used=328Kb free=245431Kb
 bounds [0x00000000033b0000, 0x0000000003620000, 0x00000000123b0000]
 total_blobs=58 nmethods=0 adapters=38
 compilation: enabled

Compilation events (0 events):
No events

GC Heap History (0 events):
No events

Deoptimization events (0 events):
No events

Internal exceptions (0 events):
No events

Events (10 events):
Event: 0.014 loading class java/lang/Short
Event: 0.014 loading class java/lang/Short done
Event: 0.014 loading class java/lang/Integer
Event: 0.014 loading class java/lang/Integer done
Event: 0.014 loading class java/lang/Long
Event: 0.014 loading class java/lang/Long done
Event: 0.015 loading class java/lang/NullPointerException
Event: 0.015 loading class java/lang/NullPointerException done
Event: 0.015 loading class java/lang/ArithmeticException
Event: 0.015 loading class java/lang/ArithmeticException done


Dynamic libraries:
0x00007ff62d830000 - 0x00007ff62d867000 	C:\Program Files\Java\jre1.8.0_121\bin\javaw.exe
0x00007ff90e140000 - 0x00007ff90e31b000 	C:\WINDOWS\SYSTEM32\ntdll.dll
0x00007ff90cee0000 - 0x00007ff90cf8e000 	C:\WINDOWS\System32\KERNEL32.DLL
0x00007ff90a710000 - 0x00007ff90a959000 	C:\WINDOWS\System32\KERNELBASE.dll
0x00007ff90dda0000 - 0x00007ff90de41000 	C:\WINDOWS\System32\ADVAPI32.dll
0x00007ff90b6a0000 - 0x00007ff90b73d000 	C:\WINDOWS\System32\msvcrt.dll
0x00007ff90d470000 - 0x00007ff90d4c9000 	C:\WINDOWS\System32\sechost.dll
0x00007ff90dff0000 - 0x00007ff90e115000 	C:\WINDOWS\System32\RPCRT4.dll
0x00007ff90cf90000 - 0x00007ff90d0da000 	C:\WINDOWS\System32\USER32.dll
0x00007ff90b680000 - 0x00007ff90b69e000 	C:\WINDOWS\System32\win32u.dll
0x00007ff90dcb0000 - 0x00007ff90dcd7000 	C:\WINDOWS\System32\GDI32.dll
0x00007ff90a960000 - 0x00007ff90aae9000 	C:\WINDOWS\System32\gdi32full.dll
0x00007ff90aaf0000 - 0x00007ff90ab8a000 	C:\WINDOWS\System32\msvcp_win.dll
0x00007ff90ab90000 - 0x00007ff90ac86000 	C:\WINDOWS\System32\ucrtbase.dll
0x00007ff8ff940000 - 0x00007ff8ffba7000 	C:\WINDOWS\WinSxS\amd64_microsoft.windows.common-controls_6595b64144ccf1df_6.0.15063.0_none_108e4f62dfe5d999\COMCTL32.dll
0x00007ff90cb80000 - 0x00007ff90ce79000 	C:\WINDOWS\System32\combase.dll
0x00007ff90b5b0000 - 0x00007ff90b61a000 	C:\WINDOWS\System32\bcryptPrimitives.dll
0x00007ff90dc80000 - 0x00007ff90dcad000 	C:\WINDOWS\System32\IMM32.DLL
0x0000000062f00000 - 0x0000000062fd2000 	C:\Program Files\Java\jre1.8.0_121\bin\msvcr100.dll
0x0000000063bf0000 - 0x000000006448b000 	C:\Program Files\Java\jre1.8.0_121\bin\server\jvm.dll
0x00007ff90d620000 - 0x00007ff90d628000 	C:\WINDOWS\System32\PSAPI.DLL
0x00007ff904e60000 - 0x00007ff904e6a000 	C:\WINDOWS\SYSTEM32\VERSION.dll
0x00007ff908aa0000 - 0x00007ff908ac3000 	C:\WINDOWS\SYSTEM32\WINMM.dll
0x00007ff8fa9b0000 - 0x00007ff8fa9b9000 	C:\WINDOWS\SYSTEM32\WSOCK32.dll
0x00007ff90d3f0000 - 0x00007ff90d45c000 	C:\WINDOWS\System32\WS2_32.dll
0x00007ff908930000 - 0x00007ff90895b000 	C:\WINDOWS\SYSTEM32\WINMMBASE.dll
0x00007ff90b560000 - 0x00007ff90b5a9000 	C:\WINDOWS\System32\cfgmgr32.dll
0x0000000064aa0000 - 0x0000000064aaf000 	C:\Program Files\Java\jre1.8.0_121\bin\verify.dll
0x00000000649b0000 - 0x00000000649d9000 	C:\Program Files\Java\jre1.8.0_121\bin\java.dll
0x0000000062ec0000 - 0x0000000062ef5000 	C:\Program Files\Java\jre1.8.0_121\bin\jdwp.dll
0x0000000064910000 - 0x0000000064918000 	C:\Program Files\Java\jre1.8.0_121\bin\npt.dll
0x0000000064990000 - 0x00000000649a6000 	C:\Program Files\Java\jre1.8.0_121\bin\zip.dll

VM Arguments:
jvm_args: -agentlib:jdwp=transport=dt_socket,suspend=y,address=localhost:58716 -Dfile.encoding=Cp1252 
java_command: MVCShoppingCart
java_class_path (initial): C:\Users\auste\Documents\JavaProject\ShoppingCartProject\ShoppingCart\bin;C:\Users\auste\Documents\JavaProject\ShoppingCartProject\ShoppingCart\opencsv-3.9.jar;C:\Users\auste\Documents\JavaProject\ShoppingCartProject\ShoppingCart\jgoodies-common-1.8.0.jar;C:\Users\auste\Documents\JavaProject\ShoppingCartProject\ShoppingCart\jgoodies-forms-1.8.0.jar
Launcher Type: SUN_STANDARD

Environment Variables:
PATH=C:/Program Files/Java/jre1.8.0_121/bin/server;C:/Program Files/Java/jre1.8.0_121/bin;C:/Program Files/Java/jre1.8.0_121/lib/amd64;C:\ProgramData\Oracle\Java\javapath;C:\Windows\system32;C:\Windows;C:\Windows\System32\Wbem;C:\Windows\System32\WindowsPowerShell\v1.0\;C:\Program Files (x86)\NVIDIA Corporation\PhysX\Common;C:\WINDOWS\system32\config\systemprofile\.dnx\bin;C:\Program Files\Microsoft DNX\Dnvm\;C:\Program Files\Microsoft SQL Server\130\Tools\Binn\;C:\Program Files\Git\cmd;C:\WINDOWS\system32;C:\WINDOWS;C:\WINDOWS\System32\Wbem;C:\WINDOWS\System32\WindowsPowerShell\v1.0\;C:\Users\auste\AppData\Local\Microsoft\WindowsApps;C:\Users\auste\AppData\Local\atom\bin;C:\eclipse;
USERNAME=auste
OS=Windows_NT
PROCESSOR_IDENTIFIER=Intel64 Family 6 Model 94 Stepping 3, GenuineIntel



---------------  S Y S T E M  ---------------

OS: Windows 10.0 , 64 bit Build 15063 (10.0.15063.0)

CPU:total 8 (4 cores per cpu, 2 threads per core) family 6 model 94 stepping 3, cmov, cx8, fxsr, mmx, sse, sse2, sse3, ssse3, sse4.1, sse4.2, popcnt, avx, avx2, aes, clmul, erms, rtm, 3dnowpref, lzcnt, ht, tsc, tscinvbit, bmi1, bmi2, adx

Memory: 4k page, physical 33496896k(18264592k free), swap 63957436k(5952k free)

vm_info: Java HotSpot(TM) 64-Bit Server VM (25.121-b13) for windows-amd64 JRE (1.8.0_121-b13), built on Dec 12 2016 18:21:36 by "java_re" with MS VC++ 10.0 (VS2010)

time: Thu Apr 20 14:32:07 2017
elapsed time: 0 seconds (0d 0h 0m 0s)

